::1 - - [08/Jun/2021:09:25:03 +0000] "GET / HTTP/1.1" 404 139 "-" "Mozilla/5.0 (Windows NT 10.0; Win64; x64) AppleWebKit/537.36 (KHTML, like Gecko) Chrome/91.0.4472.77 Safari/537.36"
::1 - - [08/Jun/2021:09:25:04 +0000] "GET / HTTP/1.1" 404 139 "-" "Mozilla/5.0 (Windows NT 10.0; Win64; x64) AppleWebKit/537.36 (KHTML, like Gecko) Chrome/91.0.4472.77 Safari/537.36"
::1 - - [08/Jun/2021:09:25:11 +0000] "GET /chat/messages HTTP/1.1" 401 43 "-" "Mozilla/5.0 (Windows NT 10.0; Win64; x64) AppleWebKit/537.36 (KHTML, like Gecko) Chrome/91.0.4472.77 Safari/537.36"
::1 - - [08/Jun/2021:09:25:11 +0000] "GET /favicon.ico HTTP/1.1" 404 150 "-" "Mozilla/5.0 (Windows NT 10.0; Win64; x64) AppleWebKit/537.36 (KHTML, like Gecko) Chrome/91.0.4472.77 Safari/537.36"
::1 - - [09/Jun/2021:12:24:44 +0000] "OPTIONS /auth HTTP/1.1" 204 0 "http://localhost:8080/" "Mozilla/5.0 (Linux; Android 6.0; Nexus 5 Build/MRA58N) AppleWebKit/537.36 (KHTML, like Gecko) Chrome/91.0.4472.77 Mobile Safari/537.36"
::1 - - [09/Jun/2021:12:24:44 +0000] "PUT /auth HTTP/1.1" 404 143 "http://localhost:8080/" "Mozilla/5.0 (Linux; Android 6.0; Nexus 5 Build/MRA58N) AppleWebKit/537.36 (KHTML, like Gecko) Chrome/91.0.4472.77 Mobile Safari/537.36"
::1 - - [09/Jun/2021:12:26:19 +0000] "OPTIONS /auth/signup HTTP/1.1" 204 0 "http://localhost:8080/" "Mozilla/5.0 (Linux; Android 6.0; Nexus 5 Build/MRA58N) AppleWebKit/537.36 (KHTML, like Gecko) Chrome/91.0.4472.77 Mobile Safari/537.36"
::1 - - [09/Jun/2021:12:26:19 +0000] "PUT /auth/signup HTTP/1.1" 422 535 "http://localhost:8080/" "Mozilla/5.0 (Linux; Android 6.0; Nexus 5 Build/MRA58N) AppleWebKit/537.36 (KHTML, like Gecko) Chrome/91.0.4472.77 Mobile Safari/537.36"
::1 - - [09/Jun/2021:12:28:18 +0000] "OPTIONS /auth/signup HTTP/1.1" 204 0 "http://localhost:8080/" "Mozilla/5.0 (Linux; Android 6.0; Nexus 5 Build/MRA58N) AppleWebKit/537.36 (KHTML, like Gecko) Chrome/91.0.4472.77 Mobile Safari/537.36"
::1 - - [09/Jun/2021:12:28:57 +0000] "OPTIONS /auth/signup HTTP/1.1" 204 0 "http://localhost:8080/" "Mozilla/5.0 (Linux; Android 6.0; Nexus 5 Build/MRA58N) AppleWebKit/537.36 (KHTML, like Gecko) Chrome/91.0.4472.77 Mobile Safari/537.36"
::ffff:127.0.0.1 - - [09/Jun/2021:12:29:32 +0000] "OPTIONS /auth/signup HTTP/1.1" 204 0 "http://localhost:8080/" "Mozilla/5.0 (Linux; Android 6.0; Nexus 5 Build/MRA58N) AppleWebKit/537.36 (KHTML, like Gecko) Chrome/91.0.4472.77 Mobile Safari/537.36"
::1 - - [09/Jun/2021:12:36:20 +0000] "OPTIONS /auth/signup HTTP/1.1" 204 0 "http://localhost:8080/" "Mozilla/5.0 (Linux; Android 6.0; Nexus 5 Build/MRA58N) AppleWebKit/537.36 (KHTML, like Gecko) Chrome/91.0.4472.77 Mobile Safari/537.36"
::1 - - [09/Jun/2021:12:40:22 +0000] "OPTIONS /auth/signup HTTP/1.1" 204 0 "http://localhost:8080/" "Mozilla/5.0 (Linux; Android 6.0; Nexus 5 Build/MRA58N) AppleWebKit/537.36 (KHTML, like Gecko) Chrome/91.0.4472.77 Mobile Safari/537.36"
::1 - - [09/Jun/2021:12:41:48 +0000] "OPTIONS /auth/signup HTTP/1.1" 204 0 "http://localhost:8080/" "Mozilla/5.0 (Linux; Android 6.0; Nexus 5 Build/MRA58N) AppleWebKit/537.36 (KHTML, like Gecko) Chrome/91.0.4472.77 Mobile Safari/537.36"
::1 - - [09/Jun/2021:12:41:48 +0000] "PUT /auth/signup HTTP/1.1" 422 234 "http://localhost:8080/" "Mozilla/5.0 (Linux; Android 6.0; Nexus 5 Build/MRA58N) AppleWebKit/537.36 (KHTML, like Gecko) Chrome/91.0.4472.77 Mobile Safari/537.36"
::1 - - [09/Jun/2021:12:42:47 +0000] "OPTIONS /auth/signup HTTP/1.1" 204 0 "http://localhost:8080/" "Mozilla/5.0 (Linux; Android 6.0; Nexus 5 Build/MRA58N) AppleWebKit/537.36 (KHTML, like Gecko) Chrome/91.0.4472.77 Mobile Safari/537.36"
::1 - - [09/Jun/2021:12:42:47 +0000] "PUT /auth/signup HTTP/1.1" 422 234 "http://localhost:8080/" "Mozilla/5.0 (Linux; Android 6.0; Nexus 5 Build/MRA58N) AppleWebKit/537.36 (KHTML, like Gecko) Chrome/91.0.4472.77 Mobile Safari/537.36"
::1 - - [09/Jun/2021:12:44:05 +0000] "OPTIONS /auth/signup HTTP/1.1" 204 0 "http://localhost:8080/" "Mozilla/5.0 (Linux; Android 6.0; Nexus 5 Build/MRA58N) AppleWebKit/537.36 (KHTML, like Gecko) Chrome/91.0.4472.77 Mobile Safari/537.36"
::1 - - [09/Jun/2021:12:44:05 +0000] "PUT /auth/signup HTTP/1.1" 201 529 "http://localhost:8080/" "Mozilla/5.0 (Linux; Android 6.0; Nexus 5 Build/MRA58N) AppleWebKit/537.36 (KHTML, like Gecko) Chrome/91.0.4472.77 Mobile Safari/537.36"
::1 - - [09/Jun/2021:12:45:06 +0000] "OPTIONS /auth/signup HTTP/1.1" 204 0 "http://localhost:8080/" "Mozilla/5.0 (Linux; Android 6.0; Nexus 5 Build/MRA58N) AppleWebKit/537.36 (KHTML, like Gecko) Chrome/91.0.4472.77 Mobile Safari/537.36"
::1 - - [09/Jun/2021:12:45:06 +0000] "PUT /auth/signup HTTP/1.1" 201 536 "http://localhost:8080/" "Mozilla/5.0 (Linux; Android 6.0; Nexus 5 Build/MRA58N) AppleWebKit/537.36 (KHTML, like Gecko) Chrome/91.0.4472.77 Mobile Safari/537.36"
::1 - - [09/Jun/2021:12:45:13 +0000] "GET / HTTP/1.1" 404 139 "-" "Mozilla/5.0 (Windows NT 10.0; Win64; x64) AppleWebKit/537.36 (KHTML, like Gecko) Chrome/91.0.4472.77 Safari/537.36"
::1 - - [09/Jun/2021:12:45:27 +0000] "GET /favicon.ico HTTP/1.1" 404 150 "http://localhost:3000/images/1623242706055-admin.jpeg" "Mozilla/5.0 (Windows NT 10.0; Win64; x64) AppleWebKit/537.36 (KHTML, like Gecko) Chrome/91.0.4472.77 Safari/537.36"
::1 - - [09/Jun/2021:12:55:13 +0000] "OPTIONS /auth/signup HTTP/1.1" 204 0 "http://localhost:8080/" "Mozilla/5.0 (Linux; Android 6.0; Nexus 5 Build/MRA58N) AppleWebKit/537.36 (KHTML, like Gecko) Chrome/91.0.4472.77 Mobile Safari/537.36"
::1 - - [09/Jun/2021:12:55:14 +0000] "PUT /auth/signup HTTP/1.1" 201 375 "http://localhost:8080/" "Mozilla/5.0 (Linux; Android 6.0; Nexus 5 Build/MRA58N) AppleWebKit/537.36 (KHTML, like Gecko) Chrome/91.0.4472.77 Mobile Safari/537.36"
